<?xml version="1.0" encoding="UTF-8"?>
<!-- Generated by org.testng.reporters.JUnitXMLReporter -->
<testsuite ignored="0" hostname="AR-IT18399" failures="0" tests="4" name="Test" time="0.062" errors="0" timestamp="2025-09-11T00:05:16 ART">
  <testcase classname="TestngPractice" name="anotherQuickTest5" time="0.01"/>
  <testcase classname="TestngPractice" name="anotherQuickTest5" time="0.002"/>
  <testcase classname="TestngPractice" name="anotherQuickTest5" time="0.001"/>
  <testcase classname="TestngPractice" name="enterAPI" time="0.002"/>
</testsuite> <!-- Test -->
