<?xml version="1.0" encoding="UTF-8"?>
<!-- Generated by org.testng.reporters.JUnitReportReporter -->
<testsuite hostname="AR-IT18399" failures="0" tests="3" name="TestngPractice" time="-1757550848.000" errors="1" timestamp="2025-09-10T21:33:49 ART" skipped="0">
  <testcase classname="TestngPractice" name="finalization" time="-1757550848.000">
    <error message="
Native Injection is NOT supported for @AfterSuite annotated finalization.
For more information on native dependency injection please refer to https://testng.org/#_dependency_injection" type="org.testng.TestNGException">
      <![CDATA[org.testng.TestNGException: 
Native Injection is NOT supported for @AfterSuite annotated finalization.
For more information on native dependency injection please refer to https://testng.org/#_dependency_injection
at org.testng.internal.Parameters.checkParameterTypes(Parameters.java:442)
at org.testng.internal.Parameters.createParametersForMethod(Parameters.java:347)
at org.testng.internal.Parameters.createParameters(Parameters.java:699)
at org.testng.internal.Parameters.createConfigurationParameters(Parameters.java:163)
at org.testng.internal.invokers.ConfigInvoker.invokeConfigurations(ConfigInvoker.java:313)
at org.testng.SuiteRunner.privateRun(SuiteRunner.java:386)
at org.testng.SuiteRunner.run(SuiteRunner.java:312)
at org.testng.SuiteRunnerWorker.runSuite(SuiteRunnerWorker.java:52)
at org.testng.SuiteRunnerWorker.run(SuiteRunnerWorker.java:95)
at org.testng.TestNG.runSuitesSequentially(TestNG.java:1274)
at org.testng.TestNG.runSuitesLocally(TestNG.java:1208)
at org.testng.TestNG.runSuites(TestNG.java:1112)
at org.testng.TestNG.run(TestNG.java:1079)
at org.testng.remote.AbstractRemoteTestNG.run(AbstractRemoteTestNG.java:115)
at org.testng.remote.RemoteTestNG.initAndRun(RemoteTestNG.java:293)
at org.testng.remote.RemoteTestNG.main(RemoteTestNG.java:91)
]]>
    </error>
  </testcase> <!-- finalization -->
  <testcase classname="TestngPractice" name="quickTest" time="0.002"/>
  <testcase classname="TestngPractice" name="anotherQuickTest" time="0.009"/>
</testsuite> <!-- TestngPractice -->
