<?xml version="1.0" encoding="UTF-8"?>
<testng-results ignored="0" total="4" passed="3" failed="1" skipped="0">
  <reporter-output>
  </reporter-output>
  <suite started-at="2025-09-11T00:05:25 ART" name="Default suite" finished-at="2025-09-11T00:05:25 ART" duration-ms="59">
    <groups>
    </groups>
    <test started-at="2025-09-11T00:05:25 ART" name="Default test" finished-at="2025-09-11T00:05:25 ART" duration-ms="59">
      <class name="TestngPractice">
        <test-method signature="anotherQuickTest5(java.lang.String,java.lang.String)[pri:0, instance:TestngPractice@7ef82753]" started-at="2025-09-11T00:05:25 ART" name="anotherQuickTest5" data-provider="getData" finished-at="2025-09-11T00:05:25 ART" duration-ms="7" status="PASS">
          <params>
            <param index="0">
              <value>
                <![CDATA[test1]]>
              </value>
            </param>
            <param index="1">
              <value>
                <![CDATA[test4]]>
              </value>
            </param>
          </params>
          <reporter-output>
          </reporter-output>
        </test-method> <!-- anotherQuickTest5 -->
        <test-method signature="anotherQuickTest5(java.lang.String,java.lang.String)[pri:0, instance:TestngPractice@7ef82753]" started-at="2025-09-11T00:05:25 ART" name="anotherQuickTest5" data-provider="getData" finished-at="2025-09-11T00:05:25 ART" duration-ms="2" status="PASS">
          <params>
            <param index="0">
              <value>
                <![CDATA[test5]]>
              </value>
            </param>
            <param index="1">
              <value>
                <![CDATA[test2]]>
              </value>
            </param>
          </params>
          <reporter-output>
          </reporter-output>
        </test-method> <!-- anotherQuickTest5 -->
        <test-method signature="anotherQuickTest5(java.lang.String,java.lang.String)[pri:0, instance:TestngPractice@7ef82753]" started-at="2025-09-11T00:05:25 ART" name="anotherQuickTest5" data-provider="getData" finished-at="2025-09-11T00:05:25 ART" duration-ms="2" status="PASS">
          <params>
            <param index="0">
              <value>
                <![CDATA[test6]]>
              </value>
            </param>
            <param index="1">
              <value>
                <![CDATA[test3]]>
              </value>
            </param>
          </params>
          <reporter-output>
          </reporter-output>
        </test-method> <!-- anotherQuickTest5 -->
        <test-method signature="enterAPI(java.lang.String,java.lang.String)[pri:0, instance:TestngPractice@7ef82753]" started-at="2025-09-11T00:05:25 ART" name="enterAPI" finished-at="2025-09-11T00:05:25 ART" duration-ms="0" status="FAIL">
          <exception class="org.testng.TestNGException">
            <message>
              <![CDATA[
Parameter 'URL' is required by @Test on method enterAPI but has not been marked @Optional or defined
in C:\Users\luciano.castellucci\AppData\Local\Temp\testng-eclipse--1628203508\testng-customsuite.xml]]>
            </message>
            <full-stacktrace>
              <![CDATA[org.testng.TestNGException: 
Parameter 'URL' is required by @Test on method enterAPI but has not been marked @Optional or defined
in C:\Users\luciano.castellucci\AppData\Local\Temp\testng-eclipse--1628203508\testng-customsuite.xml
at org.testng.internal.Parameters.createParams(Parameters.java:264)
at org.testng.internal.Parameters.createParametersForMethod(Parameters.java:352)
at org.testng.internal.Parameters.createParameters(Parameters.java:690)
at org.testng.internal.Parameters.handleParameters(Parameters.java:885)
at org.testng.internal.Parameters.handleParameters(Parameters.java:734)
at org.testng.internal.invokers.ParameterHandler.handleParameters(ParameterHandler.java:72)
at org.testng.internal.invokers.ParameterHandler.createParameters(ParameterHandler.java:51)
at org.testng.internal.invokers.TestInvoker$MethodInvocationAgent.invoke(TestInvoker.java:949)
at org.testng.internal.invokers.TestInvoker.invokeTestMethods(TestInvoker.java:203)
at org.testng.internal.invokers.TestMethodWorker.invokeTestMethods(TestMethodWorker.java:154)
at org.testng.internal.invokers.TestMethodWorker.run(TestMethodWorker.java:134)
at java.base/java.util.ArrayList.forEach(ArrayList.java:1596)
at org.testng.TestRunner.privateRun(TestRunner.java:741)
at org.testng.TestRunner.run(TestRunner.java:616)
at org.testng.SuiteRunner.runTest(SuiteRunner.java:421)
at org.testng.SuiteRunner.runSequentially(SuiteRunner.java:413)
at org.testng.SuiteRunner.privateRun(SuiteRunner.java:373)
at org.testng.SuiteRunner.run(SuiteRunner.java:312)
at org.testng.SuiteRunnerWorker.runSuite(SuiteRunnerWorker.java:52)
at org.testng.SuiteRunnerWorker.run(SuiteRunnerWorker.java:95)
at org.testng.TestNG.runSuitesSequentially(TestNG.java:1274)
at org.testng.TestNG.runSuitesLocally(TestNG.java:1208)
at org.testng.TestNG.runSuites(TestNG.java:1112)
at org.testng.TestNG.run(TestNG.java:1079)
at org.testng.remote.AbstractRemoteTestNG.run(AbstractRemoteTestNG.java:115)
at org.testng.remote.RemoteTestNG.initAndRun(RemoteTestNG.java:293)
at org.testng.remote.RemoteTestNG.main(RemoteTestNG.java:91)
]]>
            </full-stacktrace>
          </exception> <!-- org.testng.TestNGException -->
          <reporter-output>
          </reporter-output>
        </test-method> <!-- enterAPI -->
        <test-method is-config="true" signature="finalization()[pri:0, instance:TestngPractice@7ef82753]" started-at="2025-09-11T00:05:25 ART" name="finalization" finished-at="2025-09-11T00:05:25 ART" duration-ms="4" status="PASS">
          <reporter-output>
          </reporter-output>
        </test-method> <!-- finalization -->
      </class> <!-- TestngPractice -->
    </test> <!-- Default test -->
  </suite> <!-- Default suite -->
</testng-results>
