<?xml version="1.0" encoding="UTF-8"?>
<testng-results ignored="0" total="2" passed="2" failed="0" skipped="0">
  <reporter-output>
  </reporter-output>
  <suite started-at="2025-09-10T21:33:49 ART" name="Default suite" finished-at="2025-09-10T21:33:49 ART" duration-ms="57">
    <groups>
    </groups>
    <test started-at="2025-09-10T21:33:49 ART" name="Default test" finished-at="2025-09-10T21:33:49 ART" duration-ms="57">
      <class name="TestngPractice">
        <test-method is-config="true" signature="starting()[pri:0, instance:TestngPractice@58cbafc2]" started-at="2025-09-10T21:33:49 ART" name="starting" finished-at="2025-09-10T21:33:49 ART" duration-ms="17" status="PASS">
          <reporter-output>
          </reporter-output>
        </test-method> <!-- starting -->
        <test-method signature="anotherQuickTest()[pri:0, instance:TestngPractice@58cbafc2]" started-at="2025-09-10T21:33:49 ART" name="anotherQuickTest" finished-at="2025-09-10T21:33:49 ART" duration-ms="9" status="PASS">
          <reporter-output>
          </reporter-output>
        </test-method> <!-- anotherQuickTest -->
        <test-method signature="quickTest()[pri:0, instance:TestngPractice@58cbafc2]" started-at="2025-09-10T21:33:49 ART" name="quickTest" finished-at="2025-09-10T21:33:49 ART" duration-ms="2" status="PASS">
          <reporter-output>
          </reporter-output>
        </test-method> <!-- quickTest -->
        <test-method is-config="true" signature="finalization(org.openqa.selenium.WebDriver)[pri:0, instance:TestngPractice@58cbafc2]" started-at="2025-09-10T21:33:49 ART" name="finalization" finished-at="1969-12-31T21:00:00 ART" duration-ms="-1757550829359" status="FAIL">
          <exception class="org.testng.TestNGException">
            <message>
              <![CDATA[
Native Injection is NOT supported for @AfterSuite annotated finalization.
For more information on native dependency injection please refer to https://testng.org/#_dependency_injection]]>
            </message>
            <full-stacktrace>
              <![CDATA[org.testng.TestNGException: 
Native Injection is NOT supported for @AfterSuite annotated finalization.
For more information on native dependency injection please refer to https://testng.org/#_dependency_injection
at org.testng.internal.Parameters.checkParameterTypes(Parameters.java:442)
at org.testng.internal.Parameters.createParametersForMethod(Parameters.java:347)
at org.testng.internal.Parameters.createParameters(Parameters.java:699)
at org.testng.internal.Parameters.createConfigurationParameters(Parameters.java:163)
at org.testng.internal.invokers.ConfigInvoker.invokeConfigurations(ConfigInvoker.java:313)
at org.testng.SuiteRunner.privateRun(SuiteRunner.java:386)
at org.testng.SuiteRunner.run(SuiteRunner.java:312)
at org.testng.SuiteRunnerWorker.runSuite(SuiteRunnerWorker.java:52)
at org.testng.SuiteRunnerWorker.run(SuiteRunnerWorker.java:95)
at org.testng.TestNG.runSuitesSequentially(TestNG.java:1274)
at org.testng.TestNG.runSuitesLocally(TestNG.java:1208)
at org.testng.TestNG.runSuites(TestNG.java:1112)
at org.testng.TestNG.run(TestNG.java:1079)
at org.testng.remote.AbstractRemoteTestNG.run(AbstractRemoteTestNG.java:115)
at org.testng.remote.RemoteTestNG.initAndRun(RemoteTestNG.java:293)
at org.testng.remote.RemoteTestNG.main(RemoteTestNG.java:91)
]]>
            </full-stacktrace>
          </exception> <!-- org.testng.TestNGException -->
          <reporter-output>
          </reporter-output>
        </test-method> <!-- finalization -->
      </class> <!-- TestngPractice -->
    </test> <!-- Default test -->
  </suite> <!-- Default suite -->
</testng-results>
