<?xml version="1.0" encoding="UTF-8"?>
<testng-results ignored="0" total="2" passed="2" failed="0" skipped="0">
  <reporter-output>
  </reporter-output>
  <suite started-at="2025-10-07T18:03:18 ART" name="Default suite" finished-at="2025-10-07T18:04:29 ART" duration-ms="70919">
    <groups>
    </groups>
    <test started-at="2025-10-07T18:03:18 ART" name="Default test" finished-at="2025-10-07T18:04:29 ART" duration-ms="70919">
      <class name="Pom.StandAloneTest">
        <test-method is-config="true" signature="launchApplication()[pri:0, instance:Pom.StandAloneTest@5b7a5baa]" started-at="2025-10-07T18:03:19 ART" name="launchApplication" finished-at="2025-10-07T18:03:29 ART" duration-ms="10099" status="PASS">
          <reporter-output>
          </reporter-output>
        </test-method> <!-- launchApplication -->
        <test-method signature="submitOrder(java.util.HashMap)[pri:0, instance:Pom.StandAloneTest@5b7a5baa]" started-at="2025-10-07T18:03:29 ART" name="submitOrder" data-provider="getData" finished-at="2025-10-07T18:03:54 ART" duration-ms="24985" status="PASS">
          <params>
            <param index="0">
              <value>
                <![CDATA[{password=test, product=ZARA COAT 3, countryName=Argentina, message=thankyou for the order., email=test@test.com}]]>
              </value>
            </param>
          </params>
          <reporter-output>
          </reporter-output>
        </test-method> <!-- submitOrder -->
        <test-method is-config="true" signature="driverClose()[pri:0, instance:Pom.StandAloneTest@5b7a5baa]" started-at="2025-10-07T18:03:54 ART" name="driverClose" finished-at="2025-10-07T18:03:54 ART" duration-ms="525" status="PASS">
          <reporter-output>
          </reporter-output>
        </test-method> <!-- driverClose -->
        <test-method is-config="true" signature="launchApplication()[pri:0, instance:Pom.StandAloneTest@5b7a5baa]" started-at="2025-10-07T18:03:54 ART" name="launchApplication" finished-at="2025-10-07T18:04:02 ART" duration-ms="8029" status="PASS">
          <reporter-output>
          </reporter-output>
        </test-method> <!-- launchApplication -->
        <test-method signature="submitOrder(java.util.HashMap)[pri:0, instance:Pom.StandAloneTest@5b7a5baa]" started-at="2025-10-07T18:04:02 ART" name="submitOrder" data-provider="getData" finished-at="2025-10-07T18:04:29 ART" duration-ms="26336" status="PASS">
          <params>
            <param index="0">
              <value>
                <![CDATA[{password=test, product=ADIDAS ORIGINAL, countryName=Argentina, message=thankyou for the order., email=test2@test.com}]]>
              </value>
            </param>
          </params>
          <reporter-output>
          </reporter-output>
        </test-method> <!-- submitOrder -->
        <test-method is-config="true" signature="driverClose()[pri:0, instance:Pom.StandAloneTest@5b7a5baa]" started-at="2025-10-07T18:04:29 ART" name="driverClose" finished-at="2025-10-07T18:04:29 ART" duration-ms="362" status="PASS">
          <reporter-output>
          </reporter-output>
        </test-method> <!-- driverClose -->
      </class> <!-- Pom.StandAloneTest -->
    </test> <!-- Default test -->
  </suite> <!-- Default suite -->
</testng-results>
