<?xml version="1.0" encoding="UTF-8"?>
<!-- Generated by org.testng.reporters.JUnitXMLReporter -->
<testsuite ignored="0" hostname="AR-IT18399" failures="1" tests="1" name="test" time="0.047" errors="0" timestamp="2025-09-24T11:14:57 ART">
  <testcase classname="Pom.StandAloneTest" name="submitOrder" time="0.017">
    <failure type="org.testng.internal.reflect.MethodMatcherException" message="
[public void Pom.StandAloneTest.submitOrder(java.lang.String,java.lang.String,java.lang.String,java.lang.String,java.lang.String,java.lang.String) throws java.io.IOException] has no parameters defined but was found to be using a data provider (either explicitly specified or inherited from class level annotation).
Data provider mismatch
Method: submitOrder([java.lang.String arg0, java.lang.String arg1, java.lang.String arg2, java.lang.String arg3, java.lang.String arg4, java.lang.String arg5])
Arguments: [(java.lang.String) thankyou for the order.,(java.lang.String) Argentina]">
      <![CDATA[org.testng.internal.reflect.MethodMatcherException: 
[public void Pom.StandAloneTest.submitOrder(java.lang.String,java.lang.String,java.lang.String,java.lang.String,java.lang.String,java.lang.String) throws java.io.IOException] has no parameters defined but was found to be using a data provider (either explicitly specified or inherited from class level annotation).
Data provider mismatch
Method: submitOrder([java.lang.String arg0, java.lang.String arg1, java.lang.String arg2, java.lang.String arg3, java.lang.String arg4, java.lang.String arg5])
Arguments: [(java.lang.String) thankyou for the order.,(java.lang.String) Argentina]
at java.base/java.util.ArrayList.forEach(ArrayList.java:1596)
... Removed 22 stack frames]]>
    </failure>
  </testcase> <!-- submitOrder -->
</testsuite> <!-- test -->
